[debug] [2023-05-08T03:58:05.910Z] ----------------------------------------------------------------------
[debug] [2023-05-08T03:58:05.912Z] Command:       C:\Program Files\nodejs\node.exe C:\Users\Rohan\AppData\Roaming\npm\node_modules\firebase-tools\lib\bin\firebase.js init
[debug] [2023-05-08T03:58:05.912Z] CLI Version:   11.30.0
[debug] [2023-05-08T03:58:05.912Z] Platform:      win32
[debug] [2023-05-08T03:58:05.913Z] Node Version:  v19.8.1
[debug] [2023-05-08T03:58:05.913Z] Time:          Mon May 08 2023 09:43:05 GMT+0545 (Nepal Time)
[debug] [2023-05-08T03:58:05.913Z] ----------------------------------------------------------------------
[debug] 
[debug] [2023-05-08T03:58:05.920Z] > command requires scopes: ["email","openid","https://www.googleapis.com/auth/cloudplatformprojects.readonly","https://www.googleapis.com/auth/firebase","https://www.googleapis.com/auth/cloud-platform"]
[debug] [2023-05-08T03:58:05.920Z] > authorizing via signed-in user (np03cs4s220205@heraldcollege.edu.np)
[info] 
     ######## #### ########  ######## ########     ###     ######  ########
     ##        ##  ##     ## ##       ##     ##  ##   ##  ##       ##
     ######    ##  ########  ######   ########  #########  ######  ######
     ##        ##  ##    ##  ##       ##     ## ##     ##       ## ##
     ##       #### ##     ## ######## ########  ##     ##  ######  ########

You're about to initialize a Firebase project in this directory:

  D:\startwaterbilling

[info] 
=== Project Setup
[info] 
[info] First, let's associate this project directory with a Firebase project.
[info] You can create multiple project aliases by running firebase use --add, 
[info] but for now we'll just set up a default project.
[info] 
[debug] [2023-05-08T03:58:17.071Z] >>> [apiv2][query] GET https://firebase.googleapis.com/v1beta1/projects pageSize=100
[debug] [2023-05-08T03:58:32.151Z] <<< [apiv2][status] GET https://firebase.googleapis.com/v1beta1/projects 200
[debug] [2023-05-08T03:58:32.152Z] <<< [apiv2][body] GET https://firebase.googleapis.com/v1beta1/projects [omitted]
[info] i  Using project againphonenumber (againPhoneNumber) 
[info] 
=== Hosting Setup
[info] 
[info] Your public directory is the folder (relative to your project directory) that
[info] will contain Hosting assets to be uploaded with firebase deploy. If you
[info] have a build process for your assets, use your build's output directory.
[info] 
[info] +  Wrote public/404.html 
[debug] [2023-05-08T03:59:20.681Z] >>> [apiv2][query] GET https://www.gstatic.com/firebasejs/releases.json [none]
[debug] [2023-05-08T03:59:23.577Z] <<< [apiv2][status] GET https://www.gstatic.com/firebasejs/releases.json 200
[debug] [2023-05-08T03:59:23.577Z] <<< [apiv2][body] GET https://www.gstatic.com/firebasejs/releases.json {"current":{"version":"9.21.0","browserURL":"https://www.gstatic.com/firebasejs/9.21.0/firebase.js","packageURL":"https://www.gstatic.com/firebasejs/9.21.0/firebase.tgz"},"live":{"version":"9.21","browserURL":"https://www.gstatic.com/firebasejs/live/9.21/firebase.js","packageURL":"https://www.gstatic.com/firebasejs/live/9.21/firebase.tgz"},"components":{"analytics":"https://www.gstatic.com/firebasejs/9.21.0/firebase-analytics.js","app":"https://www.gstatic.com/firebasejs/9.21.0/firebase-app.js","app-check":"https://www.gstatic.com/firebasejs/9.21.0/firebase-app-check.js","auth":"https://www.gstatic.com/firebasejs/9.21.0/firebase-auth.js","auth/cordova":"https://www.gstatic.com/firebasejs/9.21.0/firebase-auth/cordova.js","auth/react-native":"https://www.gstatic.com/firebasejs/9.21.0/firebase-auth/react-native.js","functions":"https://www.gstatic.com/firebasejs/9.21.0/firebase-functions.js","firestore":"https://www.gstatic.com/firebasejs/9.21.0/firebase-firestore.js","firestore/lite":"https://www.gstatic.com/firebasejs/9.21.0/firebase-firestore/lite.js","installations":"https://www.gstatic.com/firebasejs/9.21.0/firebase-installations.js","storage":"https://www.gstatic.com/firebasejs/9.21.0/firebase-storage.js","performance":"https://www.gstatic.com/firebasejs/9.21.0/firebase-performance.js","remote-config":"https://www.gstatic.com/firebasejs/9.21.0/firebase-remote-config.js","messaging":"https://www.gstatic.com/firebasejs/9.21.0/firebase-messaging.js","messaging/sw":"https://www.gstatic.com/firebasejs/9.21.0/firebase-messaging/sw.js","database":"https://www.gstatic.com/firebasejs/9.21.0/firebase-database.js","firestore.memory":"https://www.gstatic.com/firebasejs/9.21.0/firebase-firestore.memory.js"}}
[info] +  Wrote public/index.html 
[info] 
[info] i  Writing configuration info to firebase.json... 
[info] i  Writing project information to .firebaserc... 
[info] 
[info] +  Firebase initialization complete! 
[debug] [2023-05-08T03:59:41.916Z] Error: Timed out.
    at Timeout.<anonymous> (C:\Users\Rohan\AppData\Roaming\npm\node_modules\firebase-tools\lib\utils.js:253:49)
    at listOnTimeout (node:internal/timers:573:17)
    at process.processTimers (node:internal/timers:514:7)
[error] 
[error] Error: An unexpected error has occurred.
